

Processing ApplicationController#index (for 127.0.0.1 at 2011-09-19 16:30:12) [GET]

ActionController::RoutingError (No route matches "/" with {:method=>:get}):
  /usr/lib/ruby/1.8/action_controller/routing/recognition_optimisation.rb:66:in `recognize_path'
  /usr/lib/ruby/1.8/action_controller/routing/route_set.rb:441:in `recognize'
  /usr/lib/ruby/1.8/action_controller/routing/route_set.rb:436:in `call'
  /usr/lib/ruby/1.8/action_controller/dispatcher.rb:87:in `dispatch'
  /usr/lib/ruby/1.8/action_controller/dispatcher.rb:121:in `_call'
  /usr/lib/ruby/1.8/action_controller/dispatcher.rb:130:in `build_middleware_stack'
  /usr/lib/ruby/1.8/active_record/query_cache.rb:29:in `call'
  /usr/lib/ruby/1.8/active_record/query_cache.rb:29:in `call'
  /usr/lib/ruby/1.8/active_record/connection_adapters/abstract/query_cache.rb:34:in `cache'
  /usr/lib/ruby/1.8/active_record/query_cache.rb:9:in `cache'
  /usr/lib/ruby/1.8/active_record/query_cache.rb:28:in `call'
  /usr/lib/ruby/1.8/active_record/connection_adapters/abstract/connection_pool.rb:361:in `call'
  /usr/lib/ruby/1.8/action_controller/string_coercion.rb:25:in `call'
  /usr/lib/ruby/1.8/rack/head.rb:9:in `call'
  /usr/lib/ruby/1.8/rack/methodoverride.rb:24:in `call'
  /usr/lib/ruby/1.8/action_controller/params_parser.rb:15:in `call'
  /usr/lib/ruby/1.8/action_controller/session/cookie_store.rb:93:in `call'
  /usr/lib/ruby/1.8/action_controller/failsafe.rb:26:in `call'
  /usr/lib/ruby/1.8/rack/lock.rb:11:in `call'
  /usr/lib/ruby/1.8/rack/lock.rb:11:in `synchronize'
  /usr/lib/ruby/1.8/rack/lock.rb:11:in `call'
  /usr/lib/ruby/1.8/action_controller/dispatcher.rb:114:in `call'
  /usr/lib/ruby/1.8/action_controller/reloader.rb:34:in `run'
  /usr/lib/ruby/1.8/action_controller/dispatcher.rb:108:in `call'
  /usr/lib/ruby/1.8/rack/urlmap.rb:47:in `call'
  /usr/lib/ruby/1.8/rack/urlmap.rb:41:in `each'
  /usr/lib/ruby/1.8/rack/urlmap.rb:41:in `call'
  /usr/lib/ruby/1.8/rack/content_length.rb:13:in `call'
  /usr/lib/ruby/1.8/rack/handler/webrick.rb:48:in `service'
  /usr/lib/ruby/1.8/webrick/httpserver.rb:104:in `service'
  /usr/lib/ruby/1.8/webrick/httpserver.rb:65:in `run'
  /usr/lib/ruby/1.8/webrick/server.rb:173:in `start_thread'
  /usr/lib/ruby/1.8/webrick/server.rb:162:in `start'
  /usr/lib/ruby/1.8/webrick/server.rb:162:in `start_thread'
  /usr/lib/ruby/1.8/webrick/server.rb:95:in `start'
  /usr/lib/ruby/1.8/webrick/server.rb:92:in `each'
  /usr/lib/ruby/1.8/webrick/server.rb:92:in `start'
  /usr/lib/ruby/1.8/webrick/server.rb:23:in `start'
  /usr/lib/ruby/1.8/webrick/server.rb:82:in `start'
  /usr/lib/ruby/1.8/rack/handler/webrick.rb:14:in `run'

Rendering rescues/layout (not_found)


Processing ApplicationController#index (for 127.0.0.1 at 2011-09-19 16:30:13) [GET]

ActionController::RoutingError (No route matches "/" with {:method=>:get}):
  /usr/lib/ruby/1.8/action_controller/routing/recognition_optimisation.rb:66:in `recognize_path'
  /usr/lib/ruby/1.8/action_controller/routing/route_set.rb:441:in `recognize'
  /usr/lib/ruby/1.8/action_controller/routing/route_set.rb:436:in `call'
  /usr/lib/ruby/1.8/action_controller/dispatcher.rb:87:in `dispatch'
  /usr/lib/ruby/1.8/action_controller/dispatcher.rb:121:in `_call'
  /usr/lib/ruby/1.8/action_controller/dispatcher.rb:130:in `build_middleware_stack'
  /usr/lib/ruby/1.8/active_record/query_cache.rb:29:in `call'
  /usr/lib/ruby/1.8/active_record/query_cache.rb:29:in `call'
  /usr/lib/ruby/1.8/active_record/connection_adapters/abstract/query_cache.rb:34:in `cache'
  /usr/lib/ruby/1.8/active_record/query_cache.rb:9:in `cache'
  /usr/lib/ruby/1.8/active_record/query_cache.rb:28:in `call'
  /usr/lib/ruby/1.8/active_record/connection_adapters/abstract/connection_pool.rb:361:in `call'
  /usr/lib/ruby/1.8/action_controller/string_coercion.rb:25:in `call'
  /usr/lib/ruby/1.8/rack/head.rb:9:in `call'
  /usr/lib/ruby/1.8/rack/methodoverride.rb:24:in `call'
  /usr/lib/ruby/1.8/action_controller/params_parser.rb:15:in `call'
  /usr/lib/ruby/1.8/action_controller/session/cookie_store.rb:93:in `call'
  /usr/lib/ruby/1.8/action_controller/failsafe.rb:26:in `call'
  /usr/lib/ruby/1.8/rack/lock.rb:11:in `call'
  /usr/lib/ruby/1.8/rack/lock.rb:11:in `synchronize'
  /usr/lib/ruby/1.8/rack/lock.rb:11:in `call'
  /usr/lib/ruby/1.8/action_controller/dispatcher.rb:114:in `call'
  /usr/lib/ruby/1.8/action_controller/reloader.rb:34:in `run'
  /usr/lib/ruby/1.8/action_controller/dispatcher.rb:108:in `call'
  /usr/lib/ruby/1.8/rack/urlmap.rb:47:in `call'
  /usr/lib/ruby/1.8/rack/urlmap.rb:41:in `each'
  /usr/lib/ruby/1.8/rack/urlmap.rb:41:in `call'
  /usr/lib/ruby/1.8/rack/content_length.rb:13:in `call'
  /usr/lib/ruby/1.8/rack/handler/webrick.rb:48:in `service'
  /usr/lib/ruby/1.8/webrick/httpserver.rb:104:in `service'
  /usr/lib/ruby/1.8/webrick/httpserver.rb:65:in `run'
  /usr/lib/ruby/1.8/webrick/server.rb:173:in `start_thread'
  /usr/lib/ruby/1.8/webrick/server.rb:162:in `start'
  /usr/lib/ruby/1.8/webrick/server.rb:162:in `start_thread'
  /usr/lib/ruby/1.8/webrick/server.rb:95:in `start'
  /usr/lib/ruby/1.8/webrick/server.rb:92:in `each'
  /usr/lib/ruby/1.8/webrick/server.rb:92:in `start'
  /usr/lib/ruby/1.8/webrick/server.rb:23:in `start'
  /usr/lib/ruby/1.8/webrick/server.rb:82:in `start'
  /usr/lib/ruby/1.8/rack/handler/webrick.rb:14:in `run'

Rendering rescues/layout (not_found)


Processing ApplicationController#index (for 127.0.0.1 at 2011-09-19 16:30:13) [GET]

ActionController::RoutingError (No route matches "/" with {:method=>:get}):
  /usr/lib/ruby/1.8/action_controller/routing/recognition_optimisation.rb:66:in `recognize_path'
  /usr/lib/ruby/1.8/action_controller/routing/route_set.rb:441:in `recognize'
  /usr/lib/ruby/1.8/action_controller/routing/route_set.rb:436:in `call'
  /usr/lib/ruby/1.8/action_controller/dispatcher.rb:87:in `dispatch'
  /usr/lib/ruby/1.8/action_controller/dispatcher.rb:121:in `_call'
  /usr/lib/ruby/1.8/action_controller/dispatcher.rb:130:in `build_middleware_stack'
  /usr/lib/ruby/1.8/active_record/query_cache.rb:29:in `call'
  /usr/lib/ruby/1.8/active_record/query_cache.rb:29:in `call'
  /usr/lib/ruby/1.8/active_record/connection_adapters/abstract/query_cache.rb:34:in `cache'
  /usr/lib/ruby/1.8/active_record/query_cache.rb:9:in `cache'
  /usr/lib/ruby/1.8/active_record/query_cache.rb:28:in `call'
  /usr/lib/ruby/1.8/active_record/connection_adapters/abstract/connection_pool.rb:361:in `call'
  /usr/lib/ruby/1.8/action_controller/string_coercion.rb:25:in `call'
  /usr/lib/ruby/1.8/rack/head.rb:9:in `call'
  /usr/lib/ruby/1.8/rack/methodoverride.rb:24:in `call'
  /usr/lib/ruby/1.8/action_controller/params_parser.rb:15:in `call'
  /usr/lib/ruby/1.8/action_controller/session/cookie_store.rb:93:in `call'
  /usr/lib/ruby/1.8/action_controller/failsafe.rb:26:in `call'
  /usr/lib/ruby/1.8/rack/lock.rb:11:in `call'
  /usr/lib/ruby/1.8/rack/lock.rb:11:in `synchronize'
  /usr/lib/ruby/1.8/rack/lock.rb:11:in `call'
  /usr/lib/ruby/1.8/action_controller/dispatcher.rb:114:in `call'
  /usr/lib/ruby/1.8/action_controller/reloader.rb:34:in `run'
  /usr/lib/ruby/1.8/action_controller/dispatcher.rb:108:in `call'
  /usr/lib/ruby/1.8/rack/urlmap.rb:47:in `call'
  /usr/lib/ruby/1.8/rack/urlmap.rb:41:in `each'
  /usr/lib/ruby/1.8/rack/urlmap.rb:41:in `call'
  /usr/lib/ruby/1.8/rack/content_length.rb:13:in `call'
  /usr/lib/ruby/1.8/rack/handler/webrick.rb:48:in `service'
  /usr/lib/ruby/1.8/webrick/httpserver.rb:104:in `service'
  /usr/lib/ruby/1.8/webrick/httpserver.rb:65:in `run'
  /usr/lib/ruby/1.8/webrick/server.rb:173:in `start_thread'
  /usr/lib/ruby/1.8/webrick/server.rb:162:in `start'
  /usr/lib/ruby/1.8/webrick/server.rb:162:in `start_thread'
  /usr/lib/ruby/1.8/webrick/server.rb:95:in `start'
  /usr/lib/ruby/1.8/webrick/server.rb:92:in `each'
  /usr/lib/ruby/1.8/webrick/server.rb:92:in `start'
  /usr/lib/ruby/1.8/webrick/server.rb:23:in `start'
  /usr/lib/ruby/1.8/webrick/server.rb:82:in `start'
  /usr/lib/ruby/1.8/rack/handler/webrick.rb:14:in `run'

Rendering rescues/layout (not_found)


Processing ApplicationController#index (for 127.0.0.1 at 2011-09-19 16:30:13) [GET]

ActionController::RoutingError (No route matches "/" with {:method=>:get}):
  /usr/lib/ruby/1.8/action_controller/routing/recognition_optimisation.rb:66:in `recognize_path'
  /usr/lib/ruby/1.8/action_controller/routing/route_set.rb:441:in `recognize'
  /usr/lib/ruby/1.8/action_controller/routing/route_set.rb:436:in `call'
  /usr/lib/ruby/1.8/action_controller/dispatcher.rb:87:in `dispatch'
  /usr/lib/ruby/1.8/action_controller/dispatcher.rb:121:in `_call'
  /usr/lib/ruby/1.8/action_controller/dispatcher.rb:130:in `build_middleware_stack'
  /usr/lib/ruby/1.8/active_record/query_cache.rb:29:in `call'
  /usr/lib/ruby/1.8/active_record/query_cache.rb:29:in `call'
  /usr/lib/ruby/1.8/active_record/connection_adapters/abstract/query_cache.rb:34:in `cache'
  /usr/lib/ruby/1.8/active_record/query_cache.rb:9:in `cache'
  /usr/lib/ruby/1.8/active_record/query_cache.rb:28:in `call'
  /usr/lib/ruby/1.8/active_record/connection_adapters/abstract/connection_pool.rb:361:in `call'
  /usr/lib/ruby/1.8/action_controller/string_coercion.rb:25:in `call'
  /usr/lib/ruby/1.8/rack/head.rb:9:in `call'
  /usr/lib/ruby/1.8/rack/methodoverride.rb:24:in `call'
  /usr/lib/ruby/1.8/action_controller/params_parser.rb:15:in `call'
  /usr/lib/ruby/1.8/action_controller/session/cookie_store.rb:93:in `call'
  /usr/lib/ruby/1.8/action_controller/failsafe.rb:26:in `call'
  /usr/lib/ruby/1.8/rack/lock.rb:11:in `call'
  /usr/lib/ruby/1.8/rack/lock.rb:11:in `synchronize'
  /usr/lib/ruby/1.8/rack/lock.rb:11:in `call'
  /usr/lib/ruby/1.8/action_controller/dispatcher.rb:114:in `call'
  /usr/lib/ruby/1.8/action_controller/reloader.rb:34:in `run'
  /usr/lib/ruby/1.8/action_controller/dispatcher.rb:108:in `call'
  /usr/lib/ruby/1.8/rack/urlmap.rb:47:in `call'
  /usr/lib/ruby/1.8/rack/urlmap.rb:41:in `each'
  /usr/lib/ruby/1.8/rack/urlmap.rb:41:in `call'
  /usr/lib/ruby/1.8/rack/content_length.rb:13:in `call'
  /usr/lib/ruby/1.8/rack/handler/webrick.rb:48:in `service'
  /usr/lib/ruby/1.8/webrick/httpserver.rb:104:in `service'
  /usr/lib/ruby/1.8/webrick/httpserver.rb:65:in `run'
  /usr/lib/ruby/1.8/webrick/server.rb:173:in `start_thread'
  /usr/lib/ruby/1.8/webrick/server.rb:162:in `start'
  /usr/lib/ruby/1.8/webrick/server.rb:162:in `start_thread'
  /usr/lib/ruby/1.8/webrick/server.rb:95:in `start'
  /usr/lib/ruby/1.8/webrick/server.rb:92:in `each'
  /usr/lib/ruby/1.8/webrick/server.rb:92:in `start'
  /usr/lib/ruby/1.8/webrick/server.rb:23:in `start'
  /usr/lib/ruby/1.8/webrick/server.rb:82:in `start'
  /usr/lib/ruby/1.8/rack/handler/webrick.rb:14:in `run'

Rendering rescues/layout (not_found)


Processing ApplicationController#index (for 127.0.0.1 at 2011-09-19 16:30:13) [GET]

ActionController::RoutingError (No route matches "/" with {:method=>:get}):
  /usr/lib/ruby/1.8/action_controller/routing/recognition_optimisation.rb:66:in `recognize_path'
  /usr/lib/ruby/1.8/action_controller/routing/route_set.rb:441:in `recognize'
  /usr/lib/ruby/1.8/action_controller/routing/route_set.rb:436:in `call'
  /usr/lib/ruby/1.8/action_controller/dispatcher.rb:87:in `dispatch'
  /usr/lib/ruby/1.8/action_controller/dispatcher.rb:121:in `_call'
  /usr/lib/ruby/1.8/action_controller/dispatcher.rb:130:in `build_middleware_stack'
  /usr/lib/ruby/1.8/active_record/query_cache.rb:29:in `call'
  /usr/lib/ruby/1.8/active_record/query_cache.rb:29:in `call'
  /usr/lib/ruby/1.8/active_record/connection_adapters/abstract/query_cache.rb:34:in `cache'
  /usr/lib/ruby/1.8/active_record/query_cache.rb:9:in `cache'
  /usr/lib/ruby/1.8/active_record/query_cache.rb:28:in `call'
  /usr/lib/ruby/1.8/active_record/connection_adapters/abstract/connection_pool.rb:361:in `call'
  /usr/lib/ruby/1.8/action_controller/string_coercion.rb:25:in `call'
  /usr/lib/ruby/1.8/rack/head.rb:9:in `call'
  /usr/lib/ruby/1.8/rack/methodoverride.rb:24:in `call'
  /usr/lib/ruby/1.8/action_controller/params_parser.rb:15:in `call'
  /usr/lib/ruby/1.8/action_controller/session/cookie_store.rb:93:in `call'
  /usr/lib/ruby/1.8/action_controller/failsafe.rb:26:in `call'
  /usr/lib/ruby/1.8/rack/lock.rb:11:in `call'
  /usr/lib/ruby/1.8/rack/lock.rb:11:in `synchronize'
  /usr/lib/ruby/1.8/rack/lock.rb:11:in `call'
  /usr/lib/ruby/1.8/action_controller/dispatcher.rb:114:in `call'
  /usr/lib/ruby/1.8/action_controller/reloader.rb:34:in `run'
  /usr/lib/ruby/1.8/action_controller/dispatcher.rb:108:in `call'
  /usr/lib/ruby/1.8/rack/urlmap.rb:47:in `call'
  /usr/lib/ruby/1.8/rack/urlmap.rb:41:in `each'
  /usr/lib/ruby/1.8/rack/urlmap.rb:41:in `call'
  /usr/lib/ruby/1.8/rack/content_length.rb:13:in `call'
  /usr/lib/ruby/1.8/rack/handler/webrick.rb:48:in `service'
  /usr/lib/ruby/1.8/webrick/httpserver.rb:104:in `service'
  /usr/lib/ruby/1.8/webrick/httpserver.rb:65:in `run'
  /usr/lib/ruby/1.8/webrick/server.rb:173:in `start_thread'
  /usr/lib/ruby/1.8/webrick/server.rb:162:in `start'
  /usr/lib/ruby/1.8/webrick/server.rb:162:in `start_thread'
  /usr/lib/ruby/1.8/webrick/server.rb:95:in `start'
  /usr/lib/ruby/1.8/webrick/server.rb:92:in `each'
  /usr/lib/ruby/1.8/webrick/server.rb:92:in `start'
  /usr/lib/ruby/1.8/webrick/server.rb:23:in `start'
  /usr/lib/ruby/1.8/webrick/server.rb:82:in `start'
  /usr/lib/ruby/1.8/rack/handler/webrick.rb:14:in `run'

Rendering rescues/layout (not_found)


Processing ApplicationController#index (for 127.0.0.1 at 2011-09-19 16:30:13) [GET]

ActionController::RoutingError (No route matches "/" with {:method=>:get}):
  /usr/lib/ruby/1.8/action_controller/routing/recognition_optimisation.rb:66:in `recognize_path'
  /usr/lib/ruby/1.8/action_controller/routing/route_set.rb:441:in `recognize'
  /usr/lib/ruby/1.8/action_controller/routing/route_set.rb:436:in `call'
  /usr/lib/ruby/1.8/action_controller/dispatcher.rb:87:in `dispatch'
  /usr/lib/ruby/1.8/action_controller/dispatcher.rb:121:in `_call'
  /usr/lib/ruby/1.8/action_controller/dispatcher.rb:130:in `build_middleware_stack'
  /usr/lib/ruby/1.8/active_record/query_cache.rb:29:in `call'
  /usr/lib/ruby/1.8/active_record/query_cache.rb:29:in `call'
  /usr/lib/ruby/1.8/active_record/connection_adapters/abstract/query_cache.rb:34:in `cache'
  /usr/lib/ruby/1.8/active_record/query_cache.rb:9:in `cache'
  /usr/lib/ruby/1.8/active_record/query_cache.rb:28:in `call'
  /usr/lib/ruby/1.8/active_record/connection_adapters/abstract/connection_pool.rb:361:in `call'
  /usr/lib/ruby/1.8/action_controller/string_coercion.rb:25:in `call'
  /usr/lib/ruby/1.8/rack/head.rb:9:in `call'
  /usr/lib/ruby/1.8/rack/methodoverride.rb:24:in `call'
  /usr/lib/ruby/1.8/action_controller/params_parser.rb:15:in `call'
  /usr/lib/ruby/1.8/action_controller/session/cookie_store.rb:93:in `call'
  /usr/lib/ruby/1.8/action_controller/failsafe.rb:26:in `call'
  /usr/lib/ruby/1.8/rack/lock.rb:11:in `call'
  /usr/lib/ruby/1.8/rack/lock.rb:11:in `synchronize'
  /usr/lib/ruby/1.8/rack/lock.rb:11:in `call'
  /usr/lib/ruby/1.8/action_controller/dispatcher.rb:114:in `call'
  /usr/lib/ruby/1.8/action_controller/reloader.rb:34:in `run'
  /usr/lib/ruby/1.8/action_controller/dispatcher.rb:108:in `call'
  /usr/lib/ruby/1.8/rack/urlmap.rb:47:in `call'
  /usr/lib/ruby/1.8/rack/urlmap.rb:41:in `each'
  /usr/lib/ruby/1.8/rack/urlmap.rb:41:in `call'
  /usr/lib/ruby/1.8/rack/content_length.rb:13:in `call'
  /usr/lib/ruby/1.8/rack/handler/webrick.rb:48:in `service'
  /usr/lib/ruby/1.8/webrick/httpserver.rb:104:in `service'
  /usr/lib/ruby/1.8/webrick/httpserver.rb:65:in `run'
  /usr/lib/ruby/1.8/webrick/server.rb:173:in `start_thread'
  /usr/lib/ruby/1.8/webrick/server.rb:162:in `start'
  /usr/lib/ruby/1.8/webrick/server.rb:162:in `start_thread'
  /usr/lib/ruby/1.8/webrick/server.rb:95:in `start'
  /usr/lib/ruby/1.8/webrick/server.rb:92:in `each'
  /usr/lib/ruby/1.8/webrick/server.rb:92:in `start'
  /usr/lib/ruby/1.8/webrick/server.rb:23:in `start'
  /usr/lib/ruby/1.8/webrick/server.rb:82:in `start'
  /usr/lib/ruby/1.8/rack/handler/webrick.rb:14:in `run'

Rendering rescues/layout (not_found)


Processing ApplicationController#index (for 127.0.0.1 at 2011-09-19 16:30:14) [GET]

ActionController::RoutingError (No route matches "/" with {:method=>:get}):
  /usr/lib/ruby/1.8/action_controller/routing/recognition_optimisation.rb:66:in `recognize_path'
  /usr/lib/ruby/1.8/action_controller/routing/route_set.rb:441:in `recognize'
  /usr/lib/ruby/1.8/action_controller/routing/route_set.rb:436:in `call'
  /usr/lib/ruby/1.8/action_controller/dispatcher.rb:87:in `dispatch'
  /usr/lib/ruby/1.8/action_controller/dispatcher.rb:121:in `_call'
  /usr/lib/ruby/1.8/action_controller/dispatcher.rb:130:in `build_middleware_stack'
  /usr/lib/ruby/1.8/active_record/query_cache.rb:29:in `call'
  /usr/lib/ruby/1.8/active_record/query_cache.rb:29:in `call'
  /usr/lib/ruby/1.8/active_record/connection_adapters/abstract/query_cache.rb:34:in `cache'
  /usr/lib/ruby/1.8/active_record/query_cache.rb:9:in `cache'
  /usr/lib/ruby/1.8/active_record/query_cache.rb:28:in `call'
  /usr/lib/ruby/1.8/active_record/connection_adapters/abstract/connection_pool.rb:361:in `call'
  /usr/lib/ruby/1.8/action_controller/string_coercion.rb:25:in `call'
  /usr/lib/ruby/1.8/rack/head.rb:9:in `call'
  /usr/lib/ruby/1.8/rack/methodoverride.rb:24:in `call'
  /usr/lib/ruby/1.8/action_controller/params_parser.rb:15:in `call'
  /usr/lib/ruby/1.8/action_controller/session/cookie_store.rb:93:in `call'
  /usr/lib/ruby/1.8/action_controller/failsafe.rb:26:in `call'
  /usr/lib/ruby/1.8/rack/lock.rb:11:in `call'
  /usr/lib/ruby/1.8/rack/lock.rb:11:in `synchronize'
  /usr/lib/ruby/1.8/rack/lock.rb:11:in `call'
  /usr/lib/ruby/1.8/action_controller/dispatcher.rb:114:in `call'
  /usr/lib/ruby/1.8/action_controller/reloader.rb:34:in `run'
  /usr/lib/ruby/1.8/action_controller/dispatcher.rb:108:in `call'
  /usr/lib/ruby/1.8/rack/urlmap.rb:47:in `call'
  /usr/lib/ruby/1.8/rack/urlmap.rb:41:in `each'
  /usr/lib/ruby/1.8/rack/urlmap.rb:41:in `call'
  /usr/lib/ruby/1.8/rack/content_length.rb:13:in `call'
  /usr/lib/ruby/1.8/rack/handler/webrick.rb:48:in `service'
  /usr/lib/ruby/1.8/webrick/httpserver.rb:104:in `service'
  /usr/lib/ruby/1.8/webrick/httpserver.rb:65:in `run'
  /usr/lib/ruby/1.8/webrick/server.rb:173:in `start_thread'
  /usr/lib/ruby/1.8/webrick/server.rb:162:in `start'
  /usr/lib/ruby/1.8/webrick/server.rb:162:in `start_thread'
  /usr/lib/ruby/1.8/webrick/server.rb:95:in `start'
  /usr/lib/ruby/1.8/webrick/server.rb:92:in `each'
  /usr/lib/ruby/1.8/webrick/server.rb:92:in `start'
  /usr/lib/ruby/1.8/webrick/server.rb:23:in `start'
  /usr/lib/ruby/1.8/webrick/server.rb:82:in `start'
  /usr/lib/ruby/1.8/rack/handler/webrick.rb:14:in `run'

Rendering rescues/layout (not_found)


Processing ApplicationController#index (for 127.0.0.1 at 2011-09-19 16:30:14) [GET]

ActionController::RoutingError (No route matches "/" with {:method=>:get}):
  /usr/lib/ruby/1.8/action_controller/routing/recognition_optimisation.rb:66:in `recognize_path'
  /usr/lib/ruby/1.8/action_controller/routing/route_set.rb:441:in `recognize'
  /usr/lib/ruby/1.8/action_controller/routing/route_set.rb:436:in `call'
  /usr/lib/ruby/1.8/action_controller/dispatcher.rb:87:in `dispatch'
  /usr/lib/ruby/1.8/action_controller/dispatcher.rb:121:in `_call'
  /usr/lib/ruby/1.8/action_controller/dispatcher.rb:130:in `build_middleware_stack'
  /usr/lib/ruby/1.8/active_record/query_cache.rb:29:in `call'
  /usr/lib/ruby/1.8/active_record/query_cache.rb:29:in `call'
  /usr/lib/ruby/1.8/active_record/connection_adapters/abstract/query_cache.rb:34:in `cache'
  /usr/lib/ruby/1.8/active_record/query_cache.rb:9:in `cache'
  /usr/lib/ruby/1.8/active_record/query_cache.rb:28:in `call'
  /usr/lib/ruby/1.8/active_record/connection_adapters/abstract/connection_pool.rb:361:in `call'
  /usr/lib/ruby/1.8/action_controller/string_coercion.rb:25:in `call'
  /usr/lib/ruby/1.8/rack/head.rb:9:in `call'
  /usr/lib/ruby/1.8/rack/methodoverride.rb:24:in `call'
  /usr/lib/ruby/1.8/action_controller/params_parser.rb:15:in `call'
  /usr/lib/ruby/1.8/action_controller/session/cookie_store.rb:93:in `call'
  /usr/lib/ruby/1.8/action_controller/failsafe.rb:26:in `call'
  /usr/lib/ruby/1.8/rack/lock.rb:11:in `call'
  /usr/lib/ruby/1.8/rack/lock.rb:11:in `synchronize'
  /usr/lib/ruby/1.8/rack/lock.rb:11:in `call'
  /usr/lib/ruby/1.8/action_controller/dispatcher.rb:114:in `call'
  /usr/lib/ruby/1.8/action_controller/reloader.rb:34:in `run'
  /usr/lib/ruby/1.8/action_controller/dispatcher.rb:108:in `call'
  /usr/lib/ruby/1.8/rack/urlmap.rb:47:in `call'
  /usr/lib/ruby/1.8/rack/urlmap.rb:41:in `each'
  /usr/lib/ruby/1.8/rack/urlmap.rb:41:in `call'
  /usr/lib/ruby/1.8/rack/content_length.rb:13:in `call'
  /usr/lib/ruby/1.8/rack/handler/webrick.rb:48:in `service'
  /usr/lib/ruby/1.8/webrick/httpserver.rb:104:in `service'
  /usr/lib/ruby/1.8/webrick/httpserver.rb:65:in `run'
  /usr/lib/ruby/1.8/webrick/server.rb:173:in `start_thread'
  /usr/lib/ruby/1.8/webrick/server.rb:162:in `start'
  /usr/lib/ruby/1.8/webrick/server.rb:162:in `start_thread'
  /usr/lib/ruby/1.8/webrick/server.rb:95:in `start'
  /usr/lib/ruby/1.8/webrick/server.rb:92:in `each'
  /usr/lib/ruby/1.8/webrick/server.rb:92:in `start'
  /usr/lib/ruby/1.8/webrick/server.rb:23:in `start'
  /usr/lib/ruby/1.8/webrick/server.rb:82:in `start'
  /usr/lib/ruby/1.8/rack/handler/webrick.rb:14:in `run'

Rendering rescues/layout (not_found)


Processing ApplicationController#index (for 127.0.0.1 at 2011-09-19 16:30:14) [GET]

ActionController::RoutingError (No route matches "/" with {:method=>:get}):
  /usr/lib/ruby/1.8/action_controller/routing/recognition_optimisation.rb:66:in `recognize_path'
  /usr/lib/ruby/1.8/action_controller/routing/route_set.rb:441:in `recognize'
  /usr/lib/ruby/1.8/action_controller/routing/route_set.rb:436:in `call'
  /usr/lib/ruby/1.8/action_controller/dispatcher.rb:87:in `dispatch'
  /usr/lib/ruby/1.8/action_controller/dispatcher.rb:121:in `_call'
  /usr/lib/ruby/1.8/action_controller/dispatcher.rb:130:in `build_middleware_stack'
  /usr/lib/ruby/1.8/active_record/query_cache.rb:29:in `call'
  /usr/lib/ruby/1.8/active_record/query_cache.rb:29:in `call'
  /usr/lib/ruby/1.8/active_record/connection_adapters/abstract/query_cache.rb:34:in `cache'
  /usr/lib/ruby/1.8/active_record/query_cache.rb:9:in `cache'
  /usr/lib/ruby/1.8/active_record/query_cache.rb:28:in `call'
  /usr/lib/ruby/1.8/active_record/connection_adapters/abstract/connection_pool.rb:361:in `call'
  /usr/lib/ruby/1.8/action_controller/string_coercion.rb:25:in `call'
  /usr/lib/ruby/1.8/rack/head.rb:9:in `call'
  /usr/lib/ruby/1.8/rack/methodoverride.rb:24:in `call'
  /usr/lib/ruby/1.8/action_controller/params_parser.rb:15:in `call'
  /usr/lib/ruby/1.8/action_controller/session/cookie_store.rb:93:in `call'
  /usr/lib/ruby/1.8/action_controller/failsafe.rb:26:in `call'
  /usr/lib/ruby/1.8/rack/lock.rb:11:in `call'
  /usr/lib/ruby/1.8/rack/lock.rb:11:in `synchronize'
  /usr/lib/ruby/1.8/rack/lock.rb:11:in `call'
  /usr/lib/ruby/1.8/action_controller/dispatcher.rb:114:in `call'
  /usr/lib/ruby/1.8/action_controller/reloader.rb:34:in `run'
  /usr/lib/ruby/1.8/action_controller/dispatcher.rb:108:in `call'
  /usr/lib/ruby/1.8/rack/urlmap.rb:47:in `call'
  /usr/lib/ruby/1.8/rack/urlmap.rb:41:in `each'
  /usr/lib/ruby/1.8/rack/urlmap.rb:41:in `call'
  /usr/lib/ruby/1.8/rack/content_length.rb:13:in `call'
  /usr/lib/ruby/1.8/rack/handler/webrick.rb:48:in `service'
  /usr/lib/ruby/1.8/webrick/httpserver.rb:104:in `service'
  /usr/lib/ruby/1.8/webrick/httpserver.rb:65:in `run'
  /usr/lib/ruby/1.8/webrick/server.rb:173:in `start_thread'
  /usr/lib/ruby/1.8/webrick/server.rb:162:in `start'
  /usr/lib/ruby/1.8/webrick/server.rb:162:in `start_thread'
  /usr/lib/ruby/1.8/webrick/server.rb:95:in `start'
  /usr/lib/ruby/1.8/webrick/server.rb:92:in `each'
  /usr/lib/ruby/1.8/webrick/server.rb:92:in `start'
  /usr/lib/ruby/1.8/webrick/server.rb:23:in `start'
  /usr/lib/ruby/1.8/webrick/server.rb:82:in `start'
  /usr/lib/ruby/1.8/rack/handler/webrick.rb:14:in `run'

Rendering rescues/layout (not_found)


Processing HomeController#index (for 127.0.0.1 at 2011-09-19 16:31:23) [GET]
Rendering home/index
Completed in 5ms (View: 4, DB: 0) | 200 OK [http://localhost/]


Processing HomeController#index (for 127.0.0.1 at 2011-09-19 16:31:24) [GET]
Rendering home/index
Completed in 2ms (View: 1, DB: 0) | 200 OK [http://localhost/]


Processing HomeController#index (for 127.0.0.1 at 2011-09-19 16:31:24) [GET]
Rendering home/index
Completed in 2ms (View: 1, DB: 0) | 200 OK [http://localhost/]


Processing HomeController#index (for 127.0.0.1 at 2011-09-19 16:32:55) [GET]
Rendering home/index
Completed in 1ms (View: 0, DB: 0) | 200 OK [http://localhost/]


Processing HomeController#index (for 127.0.0.1 at 2011-09-19 16:32:55) [GET]
Rendering home/index
Completed in 1ms (View: 0, DB: 0) | 200 OK [http://localhost/]


Processing HomeController#index (for 127.0.0.1 at 2011-09-19 16:32:56) [GET]
Rendering home/index
Completed in 1ms (View: 0, DB: 0) | 200 OK [http://localhost/]


Processing HomeController#index (for 127.0.0.1 at 2011-09-19 16:32:56) [GET]
Rendering home/index
Completed in 2ms (View: 1, DB: 0) | 200 OK [http://localhost/]


Processing HomeController#index (for 127.0.0.1 at 2011-09-19 16:32:56) [GET]
Rendering home/index
Completed in 1ms (View: 0, DB: 0) | 200 OK [http://localhost/]


Processing HomeController#index (for 127.0.0.1 at 2011-09-19 16:32:56) [GET]
Rendering home/index
Completed in 3ms (View: 1, DB: 0) | 200 OK [http://localhost/]


Processing HomeController#index (for 127.0.0.1 at 2011-09-19 16:32:56) [GET]
Rendering home/index
Completed in 3ms (View: 1, DB: 0) | 200 OK [http://localhost/]


Processing HomeController#index (for 127.0.0.1 at 2011-09-19 16:32:56) [GET]
Rendering home/index
Completed in 1ms (View: 0, DB: 0) | 200 OK [http://localhost/]


Processing HomeController#index (for 127.0.0.1 at 2011-09-19 16:32:56) [GET]
Rendering home/index
Completed in 2ms (View: 0, DB: 0) | 200 OK [http://localhost/]


Processing HomeController#index (for 127.0.0.1 at 2011-09-19 16:32:57) [GET]
Rendering home/index
Completed in 1ms (View: 0, DB: 0) | 200 OK [http://localhost/]


Processing HomeController#index (for 127.0.0.1 at 2011-09-19 16:36:10) [GET]
Rendering home/index
Completed in 9ms (View: 8, DB: 0) | 200 OK [http://localhost/]


Processing BooksController#index (for 127.0.0.1 at 2011-09-19 16:36:12) [GET]
  [4;36;1mBook Load (0.0ms)[0m   [0;1mSQLite3::SQLException: no such table: books: SELECT * FROM "books" [0m

ActiveRecord::StatementInvalid (SQLite3::SQLException: no such table: books: SELECT * FROM "books" ):
  /usr/lib/ruby/1.8/active_record/connection_adapters/abstract_adapter.rb:219:in `log'
  /usr/lib/ruby/1.8/active_record/connection_adapters/sqlite_adapter.rb:172:in `execute'
  /usr/lib/ruby/1.8/active_record/connection_adapters/sqlite_adapter.rb:417:in `catch_schema_changes'
  /usr/lib/ruby/1.8/active_record/connection_adapters/sqlite_adapter.rb:172:in `execute'
  /usr/lib/ruby/1.8/active_record/connection_adapters/sqlite_adapter.rb:320:in `select'
  /usr/lib/ruby/1.8/active_record/connection_adapters/abstract/database_statements.rb:7:in `select_all_without_query_cache'
  /usr/lib/ruby/1.8/active_record/connection_adapters/abstract/query_cache.rb:60:in `select_all'
  /usr/lib/ruby/1.8/active_record/connection_adapters/abstract/query_cache.rb:81:in `cache_sql'
  /usr/lib/ruby/1.8/active_record/connection_adapters/abstract/query_cache.rb:60:in `select_all'
  /usr/lib/ruby/1.8/active_record/base.rb:661:in `find_by_sql'
  /usr/lib/ruby/1.8/active_record/base.rb:1548:in `find_every'
  /usr/lib/ruby/1.8/active_record/base.rb:615:in `find'
  /usr/lib/ruby/1.8/active_record/base.rb:635:in `all'
  app/controllers/books_controller.rb:5:in `index'
  /usr/lib/ruby/1.8/action_controller/base.rb:1331:in `send'
  /usr/lib/ruby/1.8/action_controller/base.rb:1331:in `perform_action_without_filters'
  /usr/lib/ruby/1.8/action_controller/filters.rb:617:in `call_filters'
  /usr/lib/ruby/1.8/action_controller/filters.rb:610:in `perform_action_without_benchmark'
  /usr/lib/ruby/1.8/action_controller/benchmarking.rb:68:in `perform_action_without_rescue'
  /usr/lib/ruby/1.8/action_controller/benchmarking.rb:68:in `perform_action_without_rescue'
  /usr/lib/ruby/1.8/action_controller/rescue.rb:160:in `perform_action_without_flash'
  /usr/lib/ruby/1.8/action_controller/flash.rb:146:in `perform_action'
  /usr/lib/ruby/1.8/action_controller/base.rb:532:in `send'
  /usr/lib/ruby/1.8/action_controller/base.rb:532:in `process_without_filters'
  /usr/lib/ruby/1.8/action_controller/filters.rb:606:in `process'
  /usr/lib/ruby/1.8/action_controller/base.rb:391:in `process'
  /usr/lib/ruby/1.8/action_controller/base.rb:386:in `call'
  /usr/lib/ruby/1.8/action_controller/routing/route_set.rb:437:in `call'
  /usr/lib/ruby/1.8/action_controller/dispatcher.rb:87:in `dispatch'
  /usr/lib/ruby/1.8/action_controller/dispatcher.rb:121:in `_call'
  /usr/lib/ruby/1.8/action_controller/dispatcher.rb:130:in `build_middleware_stack'
  /usr/lib/ruby/1.8/active_record/query_cache.rb:29:in `call'
  /usr/lib/ruby/1.8/active_record/query_cache.rb:29:in `call'
  /usr/lib/ruby/1.8/active_record/connection_adapters/abstract/query_cache.rb:34:in `cache'
  /usr/lib/ruby/1.8/active_record/query_cache.rb:9:in `cache'
  /usr/lib/ruby/1.8/active_record/query_cache.rb:28:in `call'
  /usr/lib/ruby/1.8/active_record/connection_adapters/abstract/connection_pool.rb:361:in `call'
  /usr/lib/ruby/1.8/action_controller/string_coercion.rb:25:in `call'
  /usr/lib/ruby/1.8/rack/head.rb:9:in `call'
  /usr/lib/ruby/1.8/rack/methodoverride.rb:24:in `call'
  /usr/lib/ruby/1.8/action_controller/params_parser.rb:15:in `call'
  /usr/lib/ruby/1.8/action_controller/session/cookie_store.rb:93:in `call'
  /usr/lib/ruby/1.8/action_controller/failsafe.rb:26:in `call'
  /usr/lib/ruby/1.8/rack/lock.rb:11:in `call'
  /usr/lib/ruby/1.8/rack/lock.rb:11:in `synchronize'
  /usr/lib/ruby/1.8/rack/lock.rb:11:in `call'
  /usr/lib/ruby/1.8/action_controller/dispatcher.rb:114:in `call'
  /usr/lib/ruby/1.8/action_controller/reloader.rb:34:in `run'
  /usr/lib/ruby/1.8/action_controller/dispatcher.rb:108:in `call'
  /usr/lib/ruby/1.8/rack/urlmap.rb:47:in `call'
  /usr/lib/ruby/1.8/rack/urlmap.rb:41:in `each'
  /usr/lib/ruby/1.8/rack/urlmap.rb:41:in `call'
  /usr/lib/ruby/1.8/rack/content_length.rb:13:in `call'
  /usr/lib/ruby/1.8/rack/handler/webrick.rb:48:in `service'
  /usr/lib/ruby/1.8/webrick/httpserver.rb:104:in `service'
  /usr/lib/ruby/1.8/webrick/httpserver.rb:65:in `run'
  /usr/lib/ruby/1.8/webrick/server.rb:173:in `start_thread'
  /usr/lib/ruby/1.8/webrick/server.rb:162:in `start'
  /usr/lib/ruby/1.8/webrick/server.rb:162:in `start_thread'
  /usr/lib/ruby/1.8/webrick/server.rb:95:in `start'
  /usr/lib/ruby/1.8/webrick/server.rb:92:in `each'
  /usr/lib/ruby/1.8/webrick/server.rb:92:in `start'
  /usr/lib/ruby/1.8/webrick/server.rb:23:in `start'
  /usr/lib/ruby/1.8/webrick/server.rb:82:in `start'
  /usr/lib/ruby/1.8/rack/handler/webrick.rb:14:in `run'

Rendered rescues/_trace (13.7ms)
Rendered rescues/_request_and_response (0.9ms)
Rendering rescues/layout (internal_server_error)


Processing BooksController#index (for 127.0.0.1 at 2011-09-19 16:38:38) [GET]
  [4;35;1mBook Load (0.0ms)[0m   [0mSQLite3::SQLException: no such table: books: SELECT * FROM "books" [0m

ActiveRecord::StatementInvalid (SQLite3::SQLException: no such table: books: SELECT * FROM "books" ):
  /usr/lib/ruby/1.8/active_record/connection_adapters/abstract_adapter.rb:219:in `log'
  /usr/lib/ruby/1.8/active_record/connection_adapters/sqlite_adapter.rb:172:in `execute'
  /usr/lib/ruby/1.8/active_record/connection_adapters/sqlite_adapter.rb:417:in `catch_schema_changes'
  /usr/lib/ruby/1.8/active_record/connection_adapters/sqlite_adapter.rb:172:in `execute'
  /usr/lib/ruby/1.8/active_record/connection_adapters/sqlite_adapter.rb:320:in `select'
  /usr/lib/ruby/1.8/active_record/connection_adapters/abstract/database_statements.rb:7:in `select_all_without_query_cache'
  /usr/lib/ruby/1.8/active_record/connection_adapters/abstract/query_cache.rb:60:in `select_all'
  /usr/lib/ruby/1.8/active_record/connection_adapters/abstract/query_cache.rb:81:in `cache_sql'
  /usr/lib/ruby/1.8/active_record/connection_adapters/abstract/query_cache.rb:60:in `select_all'
  /usr/lib/ruby/1.8/active_record/base.rb:661:in `find_by_sql'
  /usr/lib/ruby/1.8/active_record/base.rb:1548:in `find_every'
  /usr/lib/ruby/1.8/active_record/base.rb:615:in `find'
  /usr/lib/ruby/1.8/active_record/base.rb:635:in `all'
  app/controllers/books_controller.rb:5:in `index'
  /usr/lib/ruby/1.8/action_controller/base.rb:1331:in `send'
  /usr/lib/ruby/1.8/action_controller/base.rb:1331:in `perform_action_without_filters'
  /usr/lib/ruby/1.8/action_controller/filters.rb:617:in `call_filters'
  /usr/lib/ruby/1.8/action_controller/filters.rb:610:in `perform_action_without_benchmark'
  /usr/lib/ruby/1.8/action_controller/benchmarking.rb:68:in `perform_action_without_rescue'
  /usr/lib/ruby/1.8/action_controller/benchmarking.rb:68:in `perform_action_without_rescue'
  /usr/lib/ruby/1.8/action_controller/rescue.rb:160:in `perform_action_without_flash'
  /usr/lib/ruby/1.8/action_controller/flash.rb:146:in `perform_action'
  /usr/lib/ruby/1.8/action_controller/base.rb:532:in `send'
  /usr/lib/ruby/1.8/action_controller/base.rb:532:in `process_without_filters'
  /usr/lib/ruby/1.8/action_controller/filters.rb:606:in `process'
  /usr/lib/ruby/1.8/action_controller/base.rb:391:in `process'
  /usr/lib/ruby/1.8/action_controller/base.rb:386:in `call'
  /usr/lib/ruby/1.8/action_controller/routing/route_set.rb:437:in `call'
  /usr/lib/ruby/1.8/action_controller/dispatcher.rb:87:in `dispatch'
  /usr/lib/ruby/1.8/action_controller/dispatcher.rb:121:in `_call'
  /usr/lib/ruby/1.8/action_controller/dispatcher.rb:130:in `build_middleware_stack'
  /usr/lib/ruby/1.8/active_record/query_cache.rb:29:in `call'
  /usr/lib/ruby/1.8/active_record/query_cache.rb:29:in `call'
  /usr/lib/ruby/1.8/active_record/connection_adapters/abstract/query_cache.rb:34:in `cache'
  /usr/lib/ruby/1.8/active_record/query_cache.rb:9:in `cache'
  /usr/lib/ruby/1.8/active_record/query_cache.rb:28:in `call'
  /usr/lib/ruby/1.8/active_record/connection_adapters/abstract/connection_pool.rb:361:in `call'
  /usr/lib/ruby/1.8/action_controller/string_coercion.rb:25:in `call'
  /usr/lib/ruby/1.8/rack/head.rb:9:in `call'
  /usr/lib/ruby/1.8/rack/methodoverride.rb:24:in `call'
  /usr/lib/ruby/1.8/action_controller/params_parser.rb:15:in `call'
  /usr/lib/ruby/1.8/action_controller/session/cookie_store.rb:93:in `call'
  /usr/lib/ruby/1.8/action_controller/failsafe.rb:26:in `call'
  /usr/lib/ruby/1.8/rack/lock.rb:11:in `call'
  /usr/lib/ruby/1.8/rack/lock.rb:11:in `synchronize'
  /usr/lib/ruby/1.8/rack/lock.rb:11:in `call'
  /usr/lib/ruby/1.8/action_controller/dispatcher.rb:114:in `call'
  /usr/lib/ruby/1.8/action_controller/reloader.rb:34:in `run'
  /usr/lib/ruby/1.8/action_controller/dispatcher.rb:108:in `call'
  /usr/lib/ruby/1.8/rack/urlmap.rb:47:in `call'
  /usr/lib/ruby/1.8/rack/urlmap.rb:41:in `each'
  /usr/lib/ruby/1.8/rack/urlmap.rb:41:in `call'
  /usr/lib/ruby/1.8/rack/content_length.rb:13:in `call'
  /usr/lib/ruby/1.8/rack/handler/webrick.rb:48:in `service'
  /usr/lib/ruby/1.8/webrick/httpserver.rb:104:in `service'
  /usr/lib/ruby/1.8/webrick/httpserver.rb:65:in `run'
  /usr/lib/ruby/1.8/webrick/server.rb:173:in `start_thread'
  /usr/lib/ruby/1.8/webrick/server.rb:162:in `start'
  /usr/lib/ruby/1.8/webrick/server.rb:162:in `start_thread'
  /usr/lib/ruby/1.8/webrick/server.rb:95:in `start'
  /usr/lib/ruby/1.8/webrick/server.rb:92:in `each'
  /usr/lib/ruby/1.8/webrick/server.rb:92:in `start'
  /usr/lib/ruby/1.8/webrick/server.rb:23:in `start'
  /usr/lib/ruby/1.8/webrick/server.rb:82:in `start'
  /usr/lib/ruby/1.8/rack/handler/webrick.rb:14:in `run'

Rendered rescues/_trace (12.1ms)
Rendered rescues/_request_and_response (0.2ms)
Rendering rescues/layout (internal_server_error)


Processing BooksController#index (for 127.0.0.1 at 2011-09-19 16:38:42) [GET]
  [4;36;1mBook Load (0.0ms)[0m   [0;1mSQLite3::SQLException: no such table: books: SELECT * FROM "books" [0m

ActiveRecord::StatementInvalid (SQLite3::SQLException: no such table: books: SELECT * FROM "books" ):
  /usr/lib/ruby/1.8/active_record/connection_adapters/abstract_adapter.rb:219:in `log'
  /usr/lib/ruby/1.8/active_record/connection_adapters/sqlite_adapter.rb:172:in `execute'
  /usr/lib/ruby/1.8/active_record/connection_adapters/sqlite_adapter.rb:417:in `catch_schema_changes'
  /usr/lib/ruby/1.8/active_record/connection_adapters/sqlite_adapter.rb:172:in `execute'
  /usr/lib/ruby/1.8/active_record/connection_adapters/sqlite_adapter.rb:320:in `select'
  /usr/lib/ruby/1.8/active_record/connection_adapters/abstract/database_statements.rb:7:in `select_all_without_query_cache'
  /usr/lib/ruby/1.8/active_record/connection_adapters/abstract/query_cache.rb:60:in `select_all'
  /usr/lib/ruby/1.8/active_record/connection_adapters/abstract/query_cache.rb:81:in `cache_sql'
  /usr/lib/ruby/1.8/active_record/connection_adapters/abstract/query_cache.rb:60:in `select_all'
  /usr/lib/ruby/1.8/active_record/base.rb:661:in `find_by_sql'
  /usr/lib/ruby/1.8/active_record/base.rb:1548:in `find_every'
  /usr/lib/ruby/1.8/active_record/base.rb:615:in `find'
  /usr/lib/ruby/1.8/active_record/base.rb:635:in `all'
  app/controllers/books_controller.rb:5:in `index'
  /usr/lib/ruby/1.8/action_controller/base.rb:1331:in `send'
  /usr/lib/ruby/1.8/action_controller/base.rb:1331:in `perform_action_without_filters'
  /usr/lib/ruby/1.8/action_controller/filters.rb:617:in `call_filters'
  /usr/lib/ruby/1.8/action_controller/filters.rb:610:in `perform_action_without_benchmark'
  /usr/lib/ruby/1.8/action_controller/benchmarking.rb:68:in `perform_action_without_rescue'
  /usr/lib/ruby/1.8/action_controller/benchmarking.rb:68:in `perform_action_without_rescue'
  /usr/lib/ruby/1.8/action_controller/rescue.rb:160:in `perform_action_without_flash'
  /usr/lib/ruby/1.8/action_controller/flash.rb:146:in `perform_action'
  /usr/lib/ruby/1.8/action_controller/base.rb:532:in `send'
  /usr/lib/ruby/1.8/action_controller/base.rb:532:in `process_without_filters'
  /usr/lib/ruby/1.8/action_controller/filters.rb:606:in `process'
  /usr/lib/ruby/1.8/action_controller/base.rb:391:in `process'
  /usr/lib/ruby/1.8/action_controller/base.rb:386:in `call'
  /usr/lib/ruby/1.8/action_controller/routing/route_set.rb:437:in `call'
  /usr/lib/ruby/1.8/action_controller/dispatcher.rb:87:in `dispatch'
  /usr/lib/ruby/1.8/action_controller/dispatcher.rb:121:in `_call'
  /usr/lib/ruby/1.8/action_controller/dispatcher.rb:130:in `build_middleware_stack'
  /usr/lib/ruby/1.8/active_record/query_cache.rb:29:in `call'
  /usr/lib/ruby/1.8/active_record/query_cache.rb:29:in `call'
  /usr/lib/ruby/1.8/active_record/connection_adapters/abstract/query_cache.rb:34:in `cache'
  /usr/lib/ruby/1.8/active_record/query_cache.rb:9:in `cache'
  /usr/lib/ruby/1.8/active_record/query_cache.rb:28:in `call'
  /usr/lib/ruby/1.8/active_record/connection_adapters/abstract/connection_pool.rb:361:in `call'
  /usr/lib/ruby/1.8/action_controller/string_coercion.rb:25:in `call'
  /usr/lib/ruby/1.8/rack/head.rb:9:in `call'
  /usr/lib/ruby/1.8/rack/methodoverride.rb:24:in `call'
  /usr/lib/ruby/1.8/action_controller/params_parser.rb:15:in `call'
  /usr/lib/ruby/1.8/action_controller/session/cookie_store.rb:93:in `call'
  /usr/lib/ruby/1.8/action_controller/failsafe.rb:26:in `call'
  /usr/lib/ruby/1.8/rack/lock.rb:11:in `call'
  /usr/lib/ruby/1.8/rack/lock.rb:11:in `synchronize'
  /usr/lib/ruby/1.8/rack/lock.rb:11:in `call'
  /usr/lib/ruby/1.8/action_controller/dispatcher.rb:114:in `call'
  /usr/lib/ruby/1.8/action_controller/reloader.rb:34:in `run'
  /usr/lib/ruby/1.8/action_controller/dispatcher.rb:108:in `call'
  /usr/lib/ruby/1.8/rack/urlmap.rb:47:in `call'
  /usr/lib/ruby/1.8/rack/urlmap.rb:41:in `each'
  /usr/lib/ruby/1.8/rack/urlmap.rb:41:in `call'
  /usr/lib/ruby/1.8/rack/content_length.rb:13:in `call'
  /usr/lib/ruby/1.8/rack/handler/webrick.rb:48:in `service'
  /usr/lib/ruby/1.8/webrick/httpserver.rb:104:in `service'
  /usr/lib/ruby/1.8/webrick/httpserver.rb:65:in `run'
  /usr/lib/ruby/1.8/webrick/server.rb:173:in `start_thread'
  /usr/lib/ruby/1.8/webrick/server.rb:162:in `start'
  /usr/lib/ruby/1.8/webrick/server.rb:162:in `start_thread'
  /usr/lib/ruby/1.8/webrick/server.rb:95:in `start'
  /usr/lib/ruby/1.8/webrick/server.rb:92:in `each'
  /usr/lib/ruby/1.8/webrick/server.rb:92:in `start'
  /usr/lib/ruby/1.8/webrick/server.rb:23:in `start'
  /usr/lib/ruby/1.8/webrick/server.rb:82:in `start'
  /usr/lib/ruby/1.8/rack/handler/webrick.rb:14:in `run'

Rendered rescues/_trace (13.7ms)
Rendered rescues/_request_and_response (0.2ms)
Rendering rescues/layout (internal_server_error)
  [4;36;1mSQL (0.2ms)[0m   [0;1m SELECT name
 FROM sqlite_master
 WHERE type = 'table' AND NOT name = 'sqlite_sequence'
[0m
  [4;35;1mSQL (0.1ms)[0m   [0mselect sqlite_version(*)[0m
  [4;36;1mSQL (2.7ms)[0m   [0;1mCREATE TABLE "schema_migrations" ("version" varchar(255) NOT NULL) [0m
  [4;35;1mSQL (0.7ms)[0m   [0mCREATE UNIQUE INDEX "unique_schema_migrations" ON "schema_migrations" ("version")[0m
  [4;36;1mSQL (0.1ms)[0m   [0;1m SELECT name
 FROM sqlite_master
 WHERE type = 'table' AND NOT name = 'sqlite_sequence'
[0m
  [4;35;1mSQL (0.0ms)[0m   [0mSELECT version FROM schema_migrations[0m
Migrating to CreateBooks (20110919110241)
  [4;36;1mSQL (0.2ms)[0m   [0;1mCREATE TABLE "books" ("id" INTEGER PRIMARY KEY AUTOINCREMENT NOT NULL, "title" varchar(255), "author" varchar(255), "isAvailable" boolean, "created_at" datetime, "updated_at" datetime) [0m
  [4;35;1mSQL (0.1ms)[0m   [0mINSERT INTO schema_migrations (version) VALUES ('20110919110241')[0m
  [4;36;1mSQL (0.1ms)[0m   [0;1m SELECT name
 FROM sqlite_master
 WHERE type = 'table' AND NOT name = 'sqlite_sequence'
[0m
  [4;35;1mSQL (0.1ms)[0m   [0mSELECT version FROM schema_migrations[0m
  [4;36;1mSQL (0.1ms)[0m   [0;1m SELECT name
 FROM sqlite_master
 WHERE type = 'table' AND NOT name = 'sqlite_sequence'
[0m
  [4;35;1mSQL (0.0ms)[0m   [0mPRAGMA index_list("books")[0m


Processing BooksController#index (for 127.0.0.1 at 2011-09-19 16:39:02) [GET]
  [4;35;1mBook Load (0.3ms)[0m   [0mSELECT * FROM "books" [0m
Rendering template within layouts/books
Rendering books/index
Completed in 13ms (View: 7, DB: 0) | 200 OK [http://localhost/books]


Processing BooksController#new (for 127.0.0.1 at 2011-09-19 16:39:06) [GET]
Rendering template within layouts/books
Rendering books/new
Completed in 10ms (View: 5, DB: 0) | 200 OK [http://localhost/books/new]


Processing BooksController#index (for 127.0.0.1 at 2011-09-19 16:39:23) [GET]
  [4;36;1mBook Load (0.2ms)[0m   [0;1mSELECT * FROM "books" [0m
Rendering template within layouts/books
Rendering books/index
Completed in 3ms (View: 1, DB: 0) | 200 OK [http://localhost/books]


Processing BooksController#index (for 127.0.0.1 at 2011-09-19 16:40:02) [GET]
  [4;35;1mBook Load (0.2ms)[0m   [0mSELECT * FROM "books" [0m
Rendering template within layouts/books
Rendering books/index
Completed in 3ms (View: 1, DB: 0) | 200 OK [http://localhost/books]


Processing BooksController#index (for 127.0.0.1 at 2011-09-19 16:40:02) [GET]
  [4;36;1mBook Load (0.2ms)[0m   [0;1mSELECT * FROM "books" [0m
Rendering template within layouts/books
Rendering books/index
Completed in 4ms (View: 1, DB: 0) | 200 OK [http://localhost/books]


Processing BooksController#index (for 127.0.0.1 at 2011-09-19 16:40:02) [GET]
  [4;35;1mBook Load (0.2ms)[0m   [0mSELECT * FROM "books" [0m
Rendering template within layouts/books
Rendering books/index
Completed in 4ms (View: 1, DB: 0) | 200 OK [http://localhost/books]


Processing BooksController#index (for 127.0.0.1 at 2011-09-19 16:40:03) [GET]
  [4;36;1mBook Load (0.3ms)[0m   [0;1mSELECT * FROM "books" [0m
Rendering template within layouts/books
Rendering books/index
Completed in 36ms (View: 1, DB: 0) | 200 OK [http://localhost/books]


Processing BooksController#index (for 127.0.0.1 at 2011-09-19 16:40:03) [GET]
  [4;35;1mBook Load (0.2ms)[0m   [0mSELECT * FROM "books" [0m
Rendering template within layouts/books
Rendering books/index
Completed in 3ms (View: 1, DB: 0) | 200 OK [http://localhost/books]


Processing BooksController#new (for 127.0.0.1 at 2011-09-19 16:40:04) [GET]
Rendering template within layouts/books
Rendering books/new

ActionView::TemplateError (Called id for nil, which would mistakenly be 4 -- if you really wanted the id of nil, use object_id) on line #3 of app/views/books/new.html.erb:
1: <h1>New book</h1>
2: 
3: <% form_for(@book) do |f| %>
4:   <%= f.error_messages %>
5: 
6:   <p>

    /usr/lib/ruby/1.8/action_controller/record_identifier.rb:76:in `dom_id'
    /usr/lib/ruby/1.8/action_view/helpers/record_identification_helper.rb:16:in `dom_id'
    /usr/lib/ruby/1.8/action_view/helpers/form_helper.rb:293:in `apply_form_for_options!'
    /usr/lib/ruby/1.8/action_view/helpers/form_helper.rb:277:in `form_for'
    app/views/books/new.html.erb:3
    /usr/lib/ruby/1.8/action_view/renderable.rb:34:in `send'
    /usr/lib/ruby/1.8/action_view/renderable.rb:34:in `render'
    /usr/lib/ruby/1.8/action_view/base.rb:306:in `with_template'
    /usr/lib/ruby/1.8/action_view/renderable.rb:30:in `render'
    /usr/lib/ruby/1.8/action_view/template.rb:205:in `render_template'
    /usr/lib/ruby/1.8/action_view/base.rb:265:in `render'
    /usr/lib/ruby/1.8/action_view/base.rb:348:in `_render_with_layout'
    /usr/lib/ruby/1.8/action_view/base.rb:262:in `render'
    /usr/lib/ruby/1.8/action_controller/base.rb:1250:in `render_for_file'
    /usr/lib/ruby/1.8/action_controller/base.rb:945:in `render_without_benchmark'
    /usr/lib/ruby/1.8/action_controller/benchmarking.rb:51:in `render'
    /usr/lib/ruby/1.8/action_controller/benchmarking.rb:51:in `render'
    /usr/lib/ruby/1.8/action_controller/base.rb:1326:in `default_render'
    /usr/lib/ruby/1.8/action_controller/base.rb:1338:in `perform_action_without_filters'
    /usr/lib/ruby/1.8/action_controller/filters.rb:617:in `call_filters'
    /usr/lib/ruby/1.8/action_controller/filters.rb:610:in `perform_action_without_benchmark'
    /usr/lib/ruby/1.8/action_controller/benchmarking.rb:68:in `perform_action_without_rescue'
    /usr/lib/ruby/1.8/action_controller/benchmarking.rb:68:in `perform_action_without_rescue'
    /usr/lib/ruby/1.8/action_controller/rescue.rb:160:in `perform_action_without_flash'
    /usr/lib/ruby/1.8/action_controller/flash.rb:146:in `perform_action'
    /usr/lib/ruby/1.8/action_controller/base.rb:532:in `send'
    /usr/lib/ruby/1.8/action_controller/base.rb:532:in `process_without_filters'
    /usr/lib/ruby/1.8/action_controller/filters.rb:606:in `process'
    /usr/lib/ruby/1.8/action_controller/base.rb:391:in `process'
    /usr/lib/ruby/1.8/action_controller/base.rb:386:in `call'
    /usr/lib/ruby/1.8/action_controller/routing/route_set.rb:437:in `call'
    /usr/lib/ruby/1.8/action_controller/dispatcher.rb:87:in `dispatch'
    /usr/lib/ruby/1.8/action_controller/dispatcher.rb:121:in `_call'
    /usr/lib/ruby/1.8/action_controller/dispatcher.rb:130:in `build_middleware_stack'
    /usr/lib/ruby/1.8/active_record/query_cache.rb:29:in `call'
    /usr/lib/ruby/1.8/active_record/query_cache.rb:29:in `call'
    /usr/lib/ruby/1.8/active_record/connection_adapters/abstract/query_cache.rb:34:in `cache'
    /usr/lib/ruby/1.8/active_record/query_cache.rb:9:in `cache'
    /usr/lib/ruby/1.8/active_record/query_cache.rb:28:in `call'
    /usr/lib/ruby/1.8/active_record/connection_adapters/abstract/connection_pool.rb:361:in `call'
    /usr/lib/ruby/1.8/action_controller/string_coercion.rb:25:in `call'
    /usr/lib/ruby/1.8/rack/head.rb:9:in `call'
    /usr/lib/ruby/1.8/rack/methodoverride.rb:24:in `call'
    /usr/lib/ruby/1.8/action_controller/params_parser.rb:15:in `call'
    /usr/lib/ruby/1.8/action_controller/session/cookie_store.rb:93:in `call'
    /usr/lib/ruby/1.8/action_controller/failsafe.rb:26:in `call'
    /usr/lib/ruby/1.8/rack/lock.rb:11:in `call'
    /usr/lib/ruby/1.8/rack/lock.rb:11:in `synchronize'
    /usr/lib/ruby/1.8/rack/lock.rb:11:in `call'
    /usr/lib/ruby/1.8/action_controller/dispatcher.rb:114:in `call'
    /usr/lib/ruby/1.8/action_controller/reloader.rb:34:in `run'
    /usr/lib/ruby/1.8/action_controller/dispatcher.rb:108:in `call'
    /usr/lib/ruby/1.8/rack/urlmap.rb:47:in `call'
    /usr/lib/ruby/1.8/rack/urlmap.rb:41:in `each'
    /usr/lib/ruby/1.8/rack/urlmap.rb:41:in `call'
    /usr/lib/ruby/1.8/rack/content_length.rb:13:in `call'
    /usr/lib/ruby/1.8/rack/handler/webrick.rb:48:in `service'
    /usr/lib/ruby/1.8/webrick/httpserver.rb:104:in `service'
    /usr/lib/ruby/1.8/webrick/httpserver.rb:65:in `run'
    /usr/lib/ruby/1.8/webrick/server.rb:173:in `start_thread'
    /usr/lib/ruby/1.8/webrick/server.rb:162:in `start'
    /usr/lib/ruby/1.8/webrick/server.rb:162:in `start_thread'
    /usr/lib/ruby/1.8/webrick/server.rb:95:in `start'
    /usr/lib/ruby/1.8/webrick/server.rb:92:in `each'
    /usr/lib/ruby/1.8/webrick/server.rb:92:in `start'
    /usr/lib/ruby/1.8/webrick/server.rb:23:in `start'
    /usr/lib/ruby/1.8/webrick/server.rb:82:in `start'
    /usr/lib/ruby/1.8/rack/handler/webrick.rb:14:in `run'

Rendered rescues/_trace (13.0ms)
Rendered rescues/_request_and_response (0.2ms)
Rendering rescues/layout (internal_server_error)


Processing BooksController#index (for 127.0.0.1 at 2011-09-19 16:43:19) [GET]
  [4;36;1mBook Load (0.3ms)[0m   [0;1mSELECT * FROM "books" [0m
Rendering template within layouts/books
Rendering books/index
Completed in 6ms (View: 1, DB: 0) | 200 OK [http://localhost/books]


Processing BooksController#index (for 127.0.0.1 at 2011-09-19 16:43:19) [GET]
  [4;35;1mBook Load (0.2ms)[0m   [0mSELECT * FROM "books" [0m
Rendering template within layouts/books
Rendering books/index
Completed in 4ms (View: 1, DB: 0) | 200 OK [http://localhost/books]


Processing BooksController#index (for 127.0.0.1 at 2011-09-19 16:43:20) [GET]
  [4;36;1mBook Load (0.3ms)[0m   [0;1mSELECT * FROM "books" [0m
Rendering template within layouts/books
Rendering books/index
Completed in 4ms (View: 1, DB: 0) | 200 OK [http://localhost/books]


Processing BooksController#index (for 127.0.0.1 at 2011-09-19 16:43:20) [GET]
  [4;35;1mBook Load (0.2ms)[0m   [0mSELECT * FROM "books" [0m
Rendering template within layouts/books
Rendering books/index
Completed in 4ms (View: 1, DB: 0) | 200 OK [http://localhost/books]


Processing BooksController#index (for 127.0.0.1 at 2011-09-19 16:43:20) [GET]
  [4;36;1mBook Load (0.3ms)[0m   [0;1mSELECT * FROM "books" [0m
Rendering template within layouts/books
Rendering books/index
Completed in 4ms (View: 1, DB: 0) | 200 OK [http://localhost/books]


Processing BooksController#new (for 127.0.0.1 at 2011-09-19 16:43:22) [GET]

ActionController::UnknownAction (No action responded to new. Actions: edit, index, show, and update):
  /usr/lib/ruby/1.8/action_controller/filters.rb:617:in `call_filters'
  /usr/lib/ruby/1.8/action_controller/filters.rb:610:in `perform_action_without_benchmark'
  /usr/lib/ruby/1.8/action_controller/benchmarking.rb:68:in `perform_action_without_rescue'
  /usr/lib/ruby/1.8/action_controller/benchmarking.rb:68:in `perform_action_without_rescue'
  /usr/lib/ruby/1.8/action_controller/rescue.rb:160:in `perform_action_without_flash'
  /usr/lib/ruby/1.8/action_controller/flash.rb:146:in `perform_action'
  /usr/lib/ruby/1.8/action_controller/base.rb:532:in `send'
  /usr/lib/ruby/1.8/action_controller/base.rb:532:in `process_without_filters'
  /usr/lib/ruby/1.8/action_controller/filters.rb:606:in `process'
  /usr/lib/ruby/1.8/action_controller/base.rb:391:in `process'
  /usr/lib/ruby/1.8/action_controller/base.rb:386:in `call'
  /usr/lib/ruby/1.8/action_controller/routing/route_set.rb:437:in `call'
  /usr/lib/ruby/1.8/action_controller/dispatcher.rb:87:in `dispatch'
  /usr/lib/ruby/1.8/action_controller/dispatcher.rb:121:in `_call'
  /usr/lib/ruby/1.8/action_controller/dispatcher.rb:130:in `build_middleware_stack'
  /usr/lib/ruby/1.8/active_record/query_cache.rb:29:in `call'
  /usr/lib/ruby/1.8/active_record/query_cache.rb:29:in `call'
  /usr/lib/ruby/1.8/active_record/connection_adapters/abstract/query_cache.rb:34:in `cache'
  /usr/lib/ruby/1.8/active_record/query_cache.rb:9:in `cache'
  /usr/lib/ruby/1.8/active_record/query_cache.rb:28:in `call'
  /usr/lib/ruby/1.8/active_record/connection_adapters/abstract/connection_pool.rb:361:in `call'
  /usr/lib/ruby/1.8/action_controller/string_coercion.rb:25:in `call'
  /usr/lib/ruby/1.8/rack/head.rb:9:in `call'
  /usr/lib/ruby/1.8/rack/methodoverride.rb:24:in `call'
  /usr/lib/ruby/1.8/action_controller/params_parser.rb:15:in `call'
  /usr/lib/ruby/1.8/action_controller/session/cookie_store.rb:93:in `call'
  /usr/lib/ruby/1.8/action_controller/failsafe.rb:26:in `call'
  /usr/lib/ruby/1.8/rack/lock.rb:11:in `call'
  /usr/lib/ruby/1.8/rack/lock.rb:11:in `synchronize'
  /usr/lib/ruby/1.8/rack/lock.rb:11:in `call'
  /usr/lib/ruby/1.8/action_controller/dispatcher.rb:114:in `call'
  /usr/lib/ruby/1.8/action_controller/reloader.rb:34:in `run'
  /usr/lib/ruby/1.8/action_controller/dispatcher.rb:108:in `call'
  /usr/lib/ruby/1.8/rack/urlmap.rb:47:in `call'
  /usr/lib/ruby/1.8/rack/urlmap.rb:41:in `each'
  /usr/lib/ruby/1.8/rack/urlmap.rb:41:in `call'
  /usr/lib/ruby/1.8/rack/content_length.rb:13:in `call'
  /usr/lib/ruby/1.8/rack/handler/webrick.rb:48:in `service'
  /usr/lib/ruby/1.8/webrick/httpserver.rb:104:in `service'
  /usr/lib/ruby/1.8/webrick/httpserver.rb:65:in `run'
  /usr/lib/ruby/1.8/webrick/server.rb:173:in `start_thread'
  /usr/lib/ruby/1.8/webrick/server.rb:162:in `start'
  /usr/lib/ruby/1.8/webrick/server.rb:162:in `start_thread'
  /usr/lib/ruby/1.8/webrick/server.rb:95:in `start'
  /usr/lib/ruby/1.8/webrick/server.rb:92:in `each'
  /usr/lib/ruby/1.8/webrick/server.rb:92:in `start'
  /usr/lib/ruby/1.8/webrick/server.rb:23:in `start'
  /usr/lib/ruby/1.8/webrick/server.rb:82:in `start'
  /usr/lib/ruby/1.8/rack/handler/webrick.rb:14:in `run'

Rendering rescues/layout (not_found)


Processing BooksController#index (for 127.0.0.1 at 2011-09-19 16:43:43) [GET]
  [4;35;1mBook Load (0.3ms)[0m   [0mSELECT * FROM "books" [0m
Rendering template within layouts/books
Rendering books/index
Completed in 9ms (View: 3, DB: 0) | 200 OK [http://localhost/books]


Processing BooksController#index (for 127.0.0.1 at 2011-09-19 16:43:43) [GET]
  [4;36;1mBook Load (0.2ms)[0m   [0;1mSELECT * FROM "books" [0m
Rendering template within layouts/books
Rendering books/index
Completed in 4ms (View: 1, DB: 0) | 200 OK [http://localhost/books]


Processing BooksController#index (for 127.0.0.1 at 2011-09-19 16:43:44) [GET]
  [4;35;1mBook Load (0.3ms)[0m   [0mSELECT * FROM "books" [0m
Rendering template within layouts/books
Rendering books/index
Completed in 4ms (View: 1, DB: 0) | 200 OK [http://localhost/books]


Processing BooksController#index (for 127.0.0.1 at 2011-09-19 16:43:44) [GET]
  [4;36;1mBook Load (0.2ms)[0m   [0;1mSELECT * FROM "books" [0m
Rendering template within layouts/books
Rendering books/index
Completed in 3ms (View: 1, DB: 0) | 200 OK [http://localhost/books]
  [4;36;1mBook Create (0.3ms)[0m   [0;1mINSERT INTO "books" ("created_at", "title", "author", "updated_at", "isAvailable") VALUES('2011-09-19 11:14:57', 'XYZ', 'qwyed', '2011-09-19 11:14:57', 't')[0m


Processing BooksController#index (for 127.0.0.1 at 2011-09-19 16:45:01) [GET]
  [4;35;1mBook Load (0.3ms)[0m   [0mSELECT * FROM "books" [0m
Rendering template within layouts/books
Rendering books/index
Completed in 7ms (View: 3, DB: 0) | 200 OK [http://localhost/books]


Processing BooksController#show (for 127.0.0.1 at 2011-09-19 16:45:11) [GET]
  Parameters: {"id"=>"1"}
  [4;36;1mBook Load (0.1ms)[0m   [0;1mSELECT * FROM "books" WHERE ("books"."id" = 1) [0m
Rendering template within layouts/books
Rendering books/show
Completed in 9ms (View: 4, DB: 0) | 200 OK [http://localhost/books/1]


Processing BooksController#index (for 127.0.0.1 at 2011-09-19 16:45:15) [GET]
  [4;35;1mBook Load (0.5ms)[0m   [0mSELECT * FROM "books" [0m
Rendering template within layouts/books
Rendering books/index
Completed in 9ms (View: 4, DB: 0) | 200 OK [http://localhost/books]


Processing BooksController#show (for 127.0.0.1 at 2011-09-19 16:45:33) [GET]
  Parameters: {"id"=>"1"}
  [4;36;1mBook Load (0.1ms)[0m   [0;1mSELECT * FROM "books" WHERE ("books"."id" = 1) [0m
Rendering template within layouts/books
Rendering books/show
Completed in 5ms (View: 2, DB: 0) | 200 OK [http://localhost/books/1]


Processing BooksController#index (for 127.0.0.1 at 2011-09-19 16:45:34) [GET]
  [4;35;1mBook Load (0.3ms)[0m   [0mSELECT * FROM "books" [0m
Rendering template within layouts/books
Rendering books/index
Completed in 6ms (View: 3, DB: 0) | 200 OK [http://localhost/books]


Processing BooksController#index (for 127.0.0.1 at 2011-09-19 16:45:43) [GET]
  [4;36;1mBook Load (0.4ms)[0m   [0;1mSELECT * FROM "books" [0m
Rendering template within layouts/books
Rendering books/index
Completed in 7ms (View: 4, DB: 0) | 200 OK [http://localhost/books]


Processing BooksController#index (for 127.0.0.1 at 2011-09-19 16:45:44) [GET]
  [4;35;1mBook Load (0.3ms)[0m   [0mSELECT * FROM "books" [0m
Rendering template within layouts/books
Rendering books/index
Completed in 6ms (View: 3, DB: 0) | 200 OK [http://localhost/books]


Processing BooksController#index (for 127.0.0.1 at 2011-09-19 16:45:44) [GET]
  [4;36;1mBook Load (0.3ms)[0m   [0;1mSELECT * FROM "books" [0m
Rendering template within layouts/books
Rendering books/index
Completed in 7ms (View: 4, DB: 0) | 200 OK [http://localhost/books]


Processing BooksController#index (for 127.0.0.1 at 2011-09-19 16:45:44) [GET]
  [4;35;1mBook Load (0.3ms)[0m   [0mSELECT * FROM "books" [0m
Rendering template within layouts/books
Rendering books/index
Completed in 6ms (View: 3, DB: 0) | 200 OK [http://localhost/books]


Processing BooksController#index (for 127.0.0.1 at 2011-09-19 16:45:45) [GET]
  [4;36;1mBook Load (0.3ms)[0m   [0;1mSELECT * FROM "books" [0m
Rendering template within layouts/books
Rendering books/index
Completed in 8ms (View: 3, DB: 0) | 200 OK [http://localhost/books]


Processing BooksController#index (for 127.0.0.1 at 2011-09-19 16:45:45) [GET]
  [4;35;1mBook Load (0.3ms)[0m   [0mSELECT * FROM "books" [0m
Rendering template within layouts/books
Rendering books/index
Completed in 6ms (View: 3, DB: 0) | 200 OK [http://localhost/books]


Processing BooksController#show (for 127.0.0.1 at 2011-09-19 16:45:46) [GET]
  Parameters: {"id"=>"1"}
  [4;36;1mBook Load (0.1ms)[0m   [0;1mSELECT * FROM "books" WHERE ("books"."id" = 1) [0m
Rendering template within layouts/books
Rendering books/show
Completed in 7ms (View: 4, DB: 0) | 200 OK [http://localhost/books/1]


Processing BooksController#edit (for 127.0.0.1 at 2011-09-19 16:45:48) [GET]
  Parameters: {"id"=>"1"}
  [4;35;1mBook Load (0.1ms)[0m   [0mSELECT * FROM "books" WHERE ("books"."id" = 1) [0m
Rendering template within layouts/books
Rendering books/edit
Completed in 13ms (View: 6, DB: 0) | 200 OK [http://localhost/books/1/edit]


Processing BooksController#index (for 127.0.0.1 at 2011-09-19 16:46:15) [GET]
  [4;36;1mBook Load (0.3ms)[0m   [0;1mSELECT * FROM "books" [0m
Rendering template within layouts/books
Rendering books/index
Completed in 7ms (View: 4, DB: 0) | 200 OK [http://localhost/books]


Processing BooksController#index (for 127.0.0.1 at 2011-09-19 16:46:15) [GET]
  [4;35;1mBook Load (0.5ms)[0m   [0mSELECT * FROM "books" [0m
Rendering template within layouts/books
Rendering books/index
Completed in 10ms (View: 3, DB: 1) | 200 OK [http://localhost/books]


Processing BooksController#show (for 127.0.0.1 at 2011-09-19 16:46:16) [GET]
  Parameters: {"id"=>"1"}
  [4;36;1mBook Load (0.1ms)[0m   [0;1mSELECT * FROM "books" WHERE ("books"."id" = 1) [0m
Rendering template within layouts/books
Rendering books/show
Completed in 6ms (View: 1, DB: 0) | 200 OK [http://localhost/books/1]


Processing BooksController#index (for 127.0.0.1 at 2011-09-19 16:46:18) [GET]
  [4;35;1mBook Load (0.3ms)[0m   [0mSELECT * FROM "books" [0m
Rendering template within layouts/books
Rendering books/index
Completed in 6ms (View: 2, DB: 0) | 200 OK [http://localhost/books]


Processing BooksController#index (for 127.0.0.1 at 2011-09-19 16:49:28) [GET]
  [4;36;1mBook Load (0.3ms)[0m   [0;1mSELECT * FROM "books" [0m
Rendering template within layouts/books
Rendering books/index
Completed in 5ms (View: 2, DB: 0) | 200 OK [http://localhost/books]


Processing BooksController#index (for 127.0.0.1 at 2011-09-19 16:49:28) [GET]
  [4;35;1mBook Load (0.3ms)[0m   [0mSELECT * FROM "books" [0m
Rendering template within layouts/books
Rendering books/index
Completed in 5ms (View: 2, DB: 0) | 200 OK [http://localhost/books]


Processing BooksController#index (for 127.0.0.1 at 2011-09-19 16:49:29) [GET]
  [4;36;1mBook Load (0.3ms)[0m   [0;1mSELECT * FROM "books" [0m
Rendering template within layouts/books
Rendering books/index
Completed in 5ms (View: 2, DB: 0) | 200 OK [http://localhost/books]


Processing BooksController#index (for 127.0.0.1 at 2011-09-19 16:49:29) [GET]
  [4;35;1mBook Load (0.3ms)[0m   [0mSELECT * FROM "books" [0m
Rendering template within layouts/books
Rendering books/index
Completed in 5ms (View: 2, DB: 0) | 200 OK [http://localhost/books]


Processing BooksController#index (for 127.0.0.1 at 2011-09-19 16:49:29) [GET]
  [4;36;1mBook Load (0.3ms)[0m   [0;1mSELECT * FROM "books" [0m
Rendering template within layouts/books
Rendering books/index
Completed in 6ms (View: 2, DB: 0) | 200 OK [http://localhost/books]


Processing BooksController#index (for 127.0.0.1 at 2011-09-19 16:49:41) [GET]
  [4;35;1mBook Load (0.3ms)[0m   [0mSELECT * FROM "books" [0m
Rendering template within layouts/books
Rendering books/index
Completed in 7ms (View: 4, DB: 0) | 200 OK [http://localhost/books]


Processing BooksController#index (for 127.0.0.1 at 2011-09-19 16:49:55) [GET]
  [4;36;1mBook Load (0.3ms)[0m   [0;1mSELECT * FROM "books" [0m
Rendering template within layouts/books
Rendering books/index
Completed in 7ms (View: 4, DB: 0) | 200 OK [http://localhost/books]


Processing BooksController#index (for 127.0.0.1 at 2011-09-19 16:50:07) [GET]
  [4;35;1mBook Load (0.4ms)[0m   [0mSELECT * FROM "books" [0m
Rendering template within layouts/books
Rendering books/index
Completed in 9ms (View: 5, DB: 0) | 200 OK [http://localhost/books]
